2024-07-13 10:22:18,417248  id = 8564 | carril = 0 | posicion= 11.25 tope:111.024 | velocidad = 45Km
2024-07-13 10:22:18,417368  >>>>>>>>>>>  SOLICITUDES DE AUTOS CALLE:  7215386249-7215386245 : 0
2024-07-13 10:22:18,417368  >>>>>>>>>>>  SOLICITUDES DE AUTOS CALLE:  7215386249-7215386245 : 0
2024-07-13 10:22:18,417372  >>>>>>>>>>>  SOLICITUDES DE AUTOS CALLE:  917625815-917437253 : 0
2024-07-13 10:22:18,417368  >>>>>>>>>>>  SOLICITUDES DE AUTOS CALLE:  7215386249-7215386245 : 0
2024-07-13 10:22:18,417372  >>>>>>>>>>>  SOLICITUDES DE AUTOS CALLE:  917625815-917437253 : 0
2024-07-13 10:22:18,417439  >>>>>>>>>>>  SOLICITUDES DE AUTOS CALLE:  917625815-917437253 : 0 >>>>>>>>>>>  Info calle: 917571509-917734145 cantidad_carriles:1largo: 151.903
2024-07-13 10:22:18,417658 33.83 | velocidad = 60Km id = 
2024-07-13 10:22:18,417663 33.83 | velocidad = 60Km id = 3487 | carril = 0 | posicion= 2.5 tope:394.41 | velocidad = 90Km
37253 : 0
2024-07-13 10:22:18,417439  >>>>>>>>>>>  SOLICITUDES DE AUTOS CALLE:  917625815-917437253 : 0 >>>>>>>>>>>  Info calle: 917571509-917734145 cantidad_carriles:1largo: 151.903
2024-07-13 10:22:18,417460  >>>>>>>>>>>  SOLICITUDES DE AUTOS CALLE:  917625815-917437253 : 0 >>>>>>>>>>>  Info calle: 917571509-917734145 cantidad_carriles:1largo: 151.903 >>>>>>>>>>>  Info calle: 917438582-917396031 cantidad_carriles:1largo: 136.764
2024-07-13 10:22:18,417853  id = 2498 | carril = 0 | posicion= 11.25 tope:136.764 | velocidad = 45Km
2024-07-13 10:22:18,417853  id = 2498 | carril = 0 | posic2024-07-13 10:22:18,417989  id = 11566 | carril = 0 | posicion= 11.25 tope:83.252 | velocidad = 45Km
2024-07-13 10:22:18,418009  id = 11566 | carril = 0 | posicion= 11.25 tope:83.22024-07-13 10:22:18,418112  >>>>>>>>>>>  SOLICITUDES DE AUTOS CALLE:  917408685-917492018 : 0
= 45K2024-07-13 10:22:18,418338  >>>>>>>>>>>  SOLICITUDES DE AUTOS CALLE:  917571509-917734145 : 0
2024-07-13 10:22:18,418338  >>>>>>>>>>>  SOLICITUDES DE AUTOS CALLE:  917571509-917734145 : 0
= 45Km
2024-07-13 10:22:18,418009  id = 11566 | carril = 0 | posicion= 11.25 tope:83.252 | velocidad = 45Km >>>>>>2024-07-13 10:22:18,418338  >>>>>>>>>>>  SOLICITUDES DE AUTOS CALLE:  917571509-917734145 : 0
= 45Km
2024-07-13 10:22:18,418009  id = 11566 | carril = 0 | posicion= 11.25 tope:83.252 | velocidad = 45Km >>>>>>>>>>>  Info calle: 917543120-1757389982 cantidad_carriles:1largo: 24.999
8 cantidad_carriles:1largo: 7.558 >>>>>>>>>>>  Info calle: 7223719134-917354092 cantidad_carriles:1largo: 796.269
2024-07-13 10:22:18,418694  id = 2636 | carril = 0 | posicion= 15 tope:796.269 | velocidad = 60Km
2024-07-13 10:22:18,418694  id = 2636 | carril = 0 | posicion= 15 tope:796.269 | velocidad = 60Km
2022024-07-13 10:22:18,418903  >>>>>>>>>>>  SOLICITUDES DE AUTOS CALLE:  917366093-917501873 : 0
0Km
2024-07-13 10:22:18,418705  >>>>>>>>>>>  SOLICITUDES DE AUTOS CALLE:  917438582-917396031 : 0
ad = 45Km >>>>>>>>>>>  Info calle: 917543120-1757389982 cantidad_carriles:1largo: 24.999
2024-07-13 10:22:18,418903  >>>>>>>>>>>  SOLICITUDES DE AUTOS CALLE:  917366093-917501873 : 0
2024-07-13 10:22:18,419022  id = 23264 | carril = 0 | posicion= 15 tope:24.999 | velocidad = 62024-07-13 10:22:18,419022  id = 23264 | carril = 0 | posicion= 15 tope:24.999 | velocidad = 60Km
2024-07-13 10:22:18,419022  id = 23264 | carril = 0 | posicion= 15 tope:24.999 | velocidad = 60Km
-07-13 10:22:18,418952  >>>>>>>>>>>  SOLICITUDES DE AUTOS CALLE:  917366093-917501873 : 0 >>>>2024-07-13 10:22:18,419385  >>>>>>>>>>>  SOLICITUDES DE AUTOS CALLE:  1858004440-1858004368 : 2024-07-13 10:22:18,419534  id = 3885 | carril = 0 | posicion= 6.66667 tope:796.269 | velocidad = 60Km
3 10:22:18,418952  >>>>>>>>>>>  SOLICITUDES DE AUTOS CALLE:  917366093-917501873 : 0 >>>>>>>>>>>  Info calle: 917596773-917698531 cantidad_carriles:1largo: 165.469
2024-07-13 10:22:18,419534  id = 3885 | carril = 0 | posicion= 6.66667 tope:796.269 | velocidad = 2024-07-13 10:22:18,419813  id = 24200 | carril = 0 | posicion= 11.25 tope:165.469 | velocidad =2024-07-13 10:22:18,419944  >>>>>>>>>>>  SOLICITUDES DE AUTOS CALLE:  917543120-1757389982 : 0
2024-07-2024-07-13 10:22:18,420179  >>>>>>>>>>>  Info calle: 1858004441-1887484056 cantidad_carriles:1largo: 26.309
2024-07-13 10:22:18,420179  >>>>>>>>>>>  Info calle: 1858004441-1887484056 cantidad_carriles:1largo: 22024-07-13 10:22:18,420427  >>>>>>>>>>>  SOLICITUDES DE AUTOS CALLE:  917596773-917698531 : 0
l2024-07-13 10:22:18,420427  >>>>>>>>>>>  SOLICITUDES DE AUTOS CALLE:  917596773-917698531 : 0
largo: 26.309
:22:18,419996  >>>>>>>>>>>  SOLICITUDES DE AUTOS CALLE:  917543120-1757389982 : 0 >>>>>>>>>>>  Info calle: 917438582-917449555 cantidad_carriles:1largo: 100.341
2024-07-13 10:22:18,420693  id = 2382 | carril = 0 | posicion= 11.25 tope:100.341 | velocidad = 45Km
2024-07-13 10:22:18,420693  id = 2382 | carril = 0 | posicion= 11.25 tope:100.341 | velocidad 2024-07-13 10:22:18,420851  id = 24476 | carril = 0 | posicion= 11.25 tope:26.309 | velocidad = 45Km
2024-07-13 10:22:18,420892  id = 24476 | carril = 0 | posicion= 11.25 tope:26.309 | velocidad =2024-07-13 10:22:18,421028  >>>>>>>>>>>  Info calle: 917366105-917580661 cantidad_carriles:1largo: 102024-07-13 10:22:18,421137  >>>>>>>>>>>  SOLICITUDES DE AUTOS CALLE:   >>>>>>>>>>>  Info calle: 917487177-917321848 cantidad_carriles:1largo: 917438582-917449555 : 0
2024-07-13 10:22:18,421138  >>>>>>>>>>>  SOLICITUDES DE AUTOS CALLE:   >>>>>>>>>>>  Info calle: 917487177-917321848 cantidad_carriles:1largo: 917438582-917449555 : 054.225
2024-07-13 10:22:18,421262  >>>>>>>>>>>  SOLICITUDES DE AUTOS CALLE:   >>>>>>>>>>>  Info calle: 917487177-917321848 cantidad_carriles:1largo: 917438582-917449555 : 054.225 >>>>>>>>>>>  Info calle: 917408742-917588589 cantidad_carriles:1largo: 130.66
2024-07-13 10:22:18,421308  >>>>>>>>>>>  SOLICITUDES DE AUTOS CALLE:   >>>>>>>>>>>  Info calle: 917487177-917321848 cantidad_carriles:1largo: 917438582-917449555 : 054.225 >>>>>>>>>>>  Info calle: 917408742-917588589 cantidad_carriles:1largo: 130.66 >>>>>>>>>>>  Info calle: 7223712024-07-13 10:22:18,421308  >>>>>>>>>>>  SOLICITUDES DE AUTOS CALLE:   >>>>>>>>>>>  Info calle: 917487177-92024-07-13 10:22:18,421641  id = 12212 | carril = 0 | posicion= 11.25 tope:105.816 | velocidad = 45Km
177-917321848 cantidad_carriles:1largo: 917438582-917449555 : 052024-07-13 10:22:18,421641  id = 12212 | carril = 0 | posicion= 11.25 tope:105.816 | velocidad = 45Km
177-917321848 cantidad_carriles:1largo: 917438582-917449555 : 054.225 >>>>>>>>>>>  Info calle: 917408742-917588589 cantidad_carriles:1largo: 130.66 >>>>>>>>>>>  Info calle: 7223719134-917549129 cantidad_carriles:1largo: 23.936
 054.225
2024-07-13 10:22:18,421910  id = 19778 | carril = 0 | posicion= 11.25 tope:54.225 | velocidad = 45Km
2024-07-13 10:22:18,421910  id = 19778 | carril = 0 | posicion= 11.25 tope:54.225 | velocidad = 45Km
2024-07-13 10:22:18,421926  id = 18524 | carril = 0 | posicion= 2.5 tope:26.309 | velocidad = 45Km
408742-917588589 cantidad_carriles:1largo: 130.66 >>>>>>>>>>>  Info calle: 7223719134-917549129 cantidad_carriles:1largo: 23.936
2024-07-13 10:22:18,422151  id = 9209 | carril = 0 | posicion= 15 tope:23.936 | velocidad = 60Km
2024-07-13 10:22:18,422151  id = 9209 | carril = 0 | posicion= 15 tope:23.936 | velocidad = 60Km
20242024-07-13 10:22:18,422151  id = 9209 | carril = 0 | posicion= 15 tope:23.936 | velocidad = 60Km
2024-2024-07-13 10:22:18,422405  id = 15560 | carril = 0 | posicion= 2.5 tope:113.319 | velocidad = 45Km
4-07-13 10:22:18,422168  id = 14647 | carril = 0 | posicion=  >>>>>>>>>>>  Info calle: 917543120-9172024-07-13 10:22:18,422674  >>>>>>>>>>>  SOLICITUDES DE AUTOS CALLE:  1858004441-1887484056 : 0
2024-07-13 10:22:18,422674  >>>>>>>>>>>  SOLICITUDES DE AUTOS CALLE:  1858004441-1887484056 : 0
2024-07-13 10:22:18,422693  id = 18434 | carril = 0 | posicion= 2.5 tope:54.225 | velocidad = 45Km
0-917605675 cantidad_carriles:1largo: 11.25 tope:130.66 | velocidad = 45Km
2024-07-13 10:22:18,422674  >>>>>>>>>>>  SOLICITUDES DE AUTOS CALLE:  1858004441-1887484056 : 0
2024-07-13 10:22:18,422693  id = 18434 | carril = 0 | posicion= 2.5 tope:54.225 | velocidad = 45Km
0-917605675 cantidad_carriles:1largo: 11.25 tope:130.66 | velocidad = 45Km
2024-07-13 10:22:18,422169  id = 14647 | carril = 0 | posicion=  >>>>>>>>>>>  Info calle: 917543120-917605675 cantidad_carriles:1largo: 11.25 tope:130.66 | velocidad = 45Km180.047
2024-07-13 10:22:18,423061  id = 8743 | carril = 0 | posicion= 11.25 tope:180.047 | velocidad = 45Km
2024-07-13 10:22:18,423061  id = 8743 | carril = 0 | posicion= 11.25 tope:180.047 | velocidad = 45Km2024-07-13 10:22:18,423309  >>>>>>>>>>>  SOLICITUDES DE AUTOS CALLE:  917625815-917555309 : 0
2024-07-13 10:22:18,423309  >>>>>>>>>>>  SOLICITUDES DE AUTOS CALLE:  917625815-917555309 : 0
2024-07-13 10:22:18,423309  >>>>>>>>>>>  SOLICITUDES DE AUTOS CALLE:  917625815-917555309 : 0
 >>>>>>>>>>>  Info calle: 917571545-917413513 cantidad_carriles:1largo: 42.717
23719134-917549129 : 02024-07-13 10:22:18,423668  >>>>>>>>>>>  SOLICITUDES DE AUTOS CALLE:  917487177-917321848 : 0
2024-07-13 10:22:18,423668  >>>>>>>>>>>  SOLICITUDES DE AUTOS CALLE:  917487177-917321848 : 0
2024-2024-07-13 10:22:18,423668  >>>>>>>>>>>  SOLICITUDES DE AUTOS CALLE:  917487177-917321848 : 0
2024-07-13 10:22:18,423824  >>>>>>>>>>>  Info calle: 1858004453-4514624991 cantidad_carriles:1largo:  2024-07-13 10:22:18,424160  >>>>>>>>>>>  SOLICITUDES DE AUTOS CALLE:  917543120-917605675 : 0
2024-07-13 10:22:18,424160  >>>>>>>>>>>  SOLICITUDES DE AUTOS CALLE:  917543120-917605675 : 0
2024-07-13 10:22:18,424084  >>>>>>>>>>>  SOLICITUDES DE AUTOS CALLE:  9174087422024-07-13 10:22:18,424379  >>>>>>>>>>>  SOLICITUDES DE AUTOS CALLE:  917543120-917605675 : 0 >>>>>>>>>>>  Info calle: 7223719137-917477952 cantidad_carriles:1largo: 111.741
2024-07-13 10:22:18,424379  >>>>>>>>>>>  SOLICITUDES DE AUTOS CALLE:  917543120-917605675 : 0 >>>>>>>>>>>  Info calle: 7223719137-917477952 cantidad_carriles:1largo: 111.741
917588589 : 1 >>>>>>>>>>>  Info calle: 917438608-917609467 cantidad_carriles:1largo: 397.183
103.755
2024-07-13 10:22:18,424379  >>>>>>>>>>>  SOLICITUDES DE AUTOS CALLE:  917543120-917605675 : 0 >>>>>>>>>>>  Info calle: 7223719137-917477952 cantidad_carriles:1largo: 111.741
917588589 : 1 2024-07-13 10:22:18,424379  >>>>>>>>>>>  SOLICITUDES DE AUTOS CALLE:  917543120-917605675 : 0 2024-07-13 10:22:18,424379  >>>>>>>>>>>  SOLICITUDES DE AUTOS CALLE:  917543120-917605675 : 0 >>>>>>>>>>>  Info calle: 7223719137-917477952 cantidad_carriles:1largo: 111.741
917588589 : 1 >>>>>>>>>>>  Info calle: 917438608-917609467 cantidad_carriles:1largo: 397.183
2024-07-13 10:22:41,978273 ------------COMIENZO--------------
2024-07-13 10:25:37,592691 ------------COMIENZO--------------
2024-07-13 10:25:46,499000  ========  Epoca  1 ==========
2024-07-13 10:25:51,746727  ========  Epoca  2 ==========
2024-07-13 10:25:56,973809  ========  Epoca  3 ==========
2024-07-13 10:26:02,153398  ========  Epoca  4 ==========
2024-07-13 10:26:07,294484  ========  Epoca  5 ==========
2024-07-13 10:26:12,574320  ========  Epoca  6 ==========
2024-07-13 10:26:17,836943  ========  Epoca  7 ==========
2024-07-13 10:26:23,023118  ========  Epoca  8 ==========
2024-07-13 10:26:28,183428  ========  Epoca  9 ==========
2024-07-13 10:26:33,355518  ========  Epoca  10 ==========
2024-07-13 10:26:38,534769  ========  Epoca  11 ==========
2024-07-13 10:26:43,703364  ========  Epoca  12 ==========
2024-07-13 10:26:48,849032  ========  Epoca  13 ==========
2024-07-13 10:26:54,119593  ========  Epoca  14 ==========
2024-07-13 10:26:59,529542  ========  Epoca  15 ==========
2024-07-13 10:27:05,088085  ========  Epoca  16 ==========
2024-07-13 10:27:10,620410  ========  Epoca  17 ==========
2024-07-13 10:27:16,335834  ========  Epoca  18 ==========
2024-07-13 10:27:21,856099  ========  Epoca  19 ==========
2024-07-13 10:27:27,201808  ========  Epoca  20 ==========
2024-07-13 10:27:32,415395  ========  Epoca  21 ==========
2024-07-13 10:27:37,804729  ========  Epoca  22 ==========
2024-07-13 10:27:43,217903  ========  Epoca  23 ==========
2024-07-13 10:27:45,390864  #####################################  Vehiculo con ID: 23098 Termino
2024-07-13 10:27:48,649451  ========  Epoca  24 ==========
2024-07-13 10:27:53,894208  ========  Epoca  25 ==========
2024-07-13 10:27:59,225788  ========  Epoca  26 ==========
2024-07-13 10:28:04,630658  ========  Epoca  27 ==========
2024-07-13 10:28:10,230100  ========  Epoca  28 ==========
2024-07-13 10:28:16,418066  ========  Epoca  29 ==========
2024-07-13 10:28:22,145515  ========  Epoca  30 ==========
2024-07-13 10:28:33,819531 ------------COMIENZO--------------
2024-07-13 10:28:52,953817  ========  Epoca  1 ==========
2024-07-13 10:29:05,845039  ========  Epoca  2 ==========
2024-07-13 10:29:20,277604 ------------COMIENZO--------------
2024-07-13 10:30:32,611456  ========  Epoca  1 ==========
2024-07-13 10:30:59,447119  ========  Epoca  2 ==========
2024-07-13 10:31:26,196015  ========  Epoca  3 ==========
2024-07-13 10:31:57,329858 ------------COMIENZO--------------
2024-07-13 10:33:07,767743  ========  Epoca  1 ==========
2024-07-13 10:33:32,788740  ========  Epoca  2 ==========
2024-07-13 10:34:08,009112 ------------COMIENZO--------------
2024-07-13 10:35:15,196759  ========  Epoca  1 ==========
2024-07-13 10:35:43,382213  ========  Epoca  2 ==========
2024-07-13 10:36:07,206109 ------------COMIENZO--------------
2024-07-13 10:36:07,706121 ------------COMIENZO--------------
2024-07-13 10:36:15,537873 ------------COMIENZO--------------
2024-07-13 10:37:22,508262  ========  Epoca  1 ==========
2024-07-13 10:37:49,775431  ========  Epoca  2 ==========
2024-07-13 10:38:17,166780  ========  Epoca  3 ==========
2024-07-13 10:38:44,398342  ========  Epoca  4 ==========
2024-07-13 10:39:11,605305  ========  Epoca  5 ==========
2024-07-13 10:39:38,761988  ========  Epoca  6 ==========
2024-07-13 10:40:06,046908  ========  Epoca  7 ==========
2024-07-13 10:40:33,397531  ========  Epoca  8 ==========
2024-07-13 10:41:00,834593  ========  Epoca  9 ==========
2024-07-13 10:41:27,948388  ========  Epoca  10 ==========
2024-07-13 10:41:55,118373  ========  Epoca  11 ==========
2024-07-13 10:42:22,470076  ========  Epoca  12 ==========
2024-07-13 10:42:51,535152  ========  Epoca  13 ==========
2024-07-13 10:43:23,057347  ========  Epoca  14 ==========
2024-07-13 10:43:50,485670  ========  Epoca  15 ==========
2024-07-13 10:44:17,970613  ========  Epoca  16 ==========
2024-07-13 10:44:45,159377  ========  Epoca  17 ==========
2024-07-13 10:45:12,421574  ========  Epoca  18 ==========
2024-07-13 10:45:39,785188  ========  Epoca  19 ==========
2024-07-13 10:46:06,964511  ========  Epoca  20 ==========
2024-07-13 10:46:34,088559  ========  Epoca  21 ==========
2024-07-13 10:47:01,442498  ========  Epoca  22 ==========
2024-07-13 10:47:28,686136  ========  Epoca  23 ==========
2024-07-13 10:47:44,941033  #####################################  Vehiculo con ID: 2225 Termino
2024-07-13 10:47:55,802941  ========  Epoca  24 ==========
2024-07-13 10:48:23,281829  ========  Epoca  25 ==========
2024-07-13 10:48:50,520420  ========  Epoca  26 ==========
2024-07-13 10:49:17,943678  ========  Epoca  27 ==========
2024-07-13 10:49:45,127770  ========  Epoca  28 ==========
2024-07-13 10:50:12,415852  ========  Epoca  29 ==========
2024-07-13 10:50:39,526592  ========  Epoca  30 ==========
2024-07-13 10:51:06,731489  ========  Epoca  31 ==========
2024-07-13 10:51:34,082861  ========  Epoca  32 ==========
2024-07-13 10:52:01,315716  ========  Epoca  33 ==========
2024-07-13 10:52:28,483598  ========  Epoca  34 ==========
2024-07-13 10:52:55,351999  ========  Epoca  35 ==========
2024-07-13 10:53:20,312499  ========  Epoca  36 ==========
2024-07-13 10:53:24,716391  #####################################  Vehiculo con ID: 18158 Termino
2024-07-13 10:53:44,625355  ========  Epoca  37 ==========
2024-07-13 10:54:08,753472  ========  Epoca  38 ==========
2024-07-13 10:54:40,055730 ------------COMIENZO--------------
2024-07-13 10:55:03,732843 ------------COMIENZO--------------
2024-07-13 10:55:13,263576  ========  Epoca  1 ==========
2024-07-13 10:55:44,465986 ------------COMIENZO--------------
2024-07-13 10:55:53,961161  ========  Epoca  1 ==========
2024-07-13 10:56:00,124458  ========  Epoca  2 ==========
2024-07-13 10:56:06,260122  ========  Epoca  3 ==========
2024-07-13 10:56:12,397480  ========  Epoca  4 ==========
2024-07-13 10:56:18,600384  ========  Epoca  5 ==========
2024-07-13 10:56:24,756347  ========  Epoca  6 ==========
2024-07-13 10:56:30,867159  ========  Epoca  7 ==========
2024-07-13 10:56:36,973453  ========  Epoca  8 ==========
2024-07-13 10:56:43,113528  ========  Epoca  9 ==========
2024-07-13 10:56:49,280485  ========  Epoca  10 ==========
2024-07-13 10:56:55,546790  ========  Epoca  11 ==========
2024-07-13 10:57:01,725694  ========  Epoca  12 ==========
2024-07-13 10:57:07,830941  ========  Epoca  13 ==========
2024-07-13 10:57:13,950686  ========  Epoca  14 ==========
2024-07-13 10:57:20,066606  ========  Epoca  15 ==========
2024-07-13 10:57:26,218991  ========  Epoca  16 ==========
2024-07-13 10:57:32,320966  ========  Epoca  17 ==========
2024-07-13 10:57:38,430690  ========  Epoca  18 ==========
2024-07-13 10:57:44,529988  ========  Epoca  19 ==========
2024-07-13 10:57:50,658513  ========  Epoca  20 ==========
2024-07-13 10:57:56,808519  ========  Epoca  21 ==========
2024-07-13 10:58:02,945139  ========  Epoca  22 ==========
2024-07-13 10:58:09,145757  ========  Epoca  23 ==========
2024-07-13 10:58:13,385282  #####################################  Vehiculo con ID: 5229 Termino
2024-07-13 10:58:15,358762  ========  Epoca  24 ==========
2024-07-13 10:58:21,667523  ========  Epoca  25 ==========
2024-07-13 10:58:27,819309  ========  Epoca  26 ==========
2024-07-13 10:58:33,932395  ========  Epoca  27 ==========
2024-07-13 10:58:40,120362  ========  Epoca  28 ==========
2024-07-13 10:58:46,343055  ========  Epoca  29 ==========
2024-07-13 10:58:52,485540  ========  Epoca  30 ==========
2024-07-13 10:58:58,624837  ========  Epoca  31 ==========
2024-07-13 10:59:04,925152  ========  Epoca  32 ==========
2024-07-13 10:59:11,752553  ========  Epoca  33 ==========
2024-07-13 10:59:17,933875  ========  Epoca  34 ==========
2024-07-13 10:59:24,073517  ========  Epoca  35 ==========
2024-07-13 10:59:30,208320  ========  Epoca  36 ==========
2024-07-13 10:59:31,536637  #####################################  Vehiculo con ID: 6813 Termino
2024-07-13 10:59:36,394667  ========  Epoca  37 ==========
2024-07-13 10:59:42,542592  ========  Epoca  38 ==========
2024-07-13 10:59:48,710973  ========  Epoca  39 ==========
2024-07-13 10:59:55,196335  ========  Epoca  40 ==========
2024-07-13 11:00:01,337132  ========  Epoca  41 ==========
2024-07-13 11:00:07,528826  ========  Epoca  42 ==========
2024-07-13 11:00:13,738415  ========  Epoca  43 ==========
2024-07-13 11:00:19,927265  ========  Epoca  44 ==========
2024-07-13 11:00:26,064801  ========  Epoca  45 ==========
2024-07-13 11:00:32,217757  ========  Epoca  46 ==========
2024-07-13 11:00:38,406048  ========  Epoca  47 ==========
2024-07-13 11:00:44,537293  ========  Epoca  48 ==========
2024-07-13 11:00:50,706240  ========  Epoca  49 ==========
2024-07-13 11:00:56,881694  ========  Epoca  50 ==========
2024-07-13 11:01:02,991455  ========  Epoca  51 ==========
2024-07-13 11:01:04,004753  #####################################  Vehiculo con ID: 20501 Termino
2024-07-13 11:01:09,129503  ========  Epoca  52 ==========
2024-07-13 11:01:15,231776  ========  Epoca  53 ==========
2024-07-13 11:01:21,374790  ========  Epoca  54 ==========
2024-07-13 11:01:27,619865  ========  Epoca  55 ==========
2024-07-13 11:01:33,746856  ========  Epoca  56 ==========
2024-07-13 11:01:39,871897  ========  Epoca  57 ==========
2024-07-13 11:01:46,033842  ========  Epoca  58 ==========
2024-07-13 11:01:52,221956  ========  Epoca  59 ==========
2024-07-13 11:01:58,359544  ========  Epoca  60 ==========
2024-07-13 11:02:04,516598  ========  Epoca  61 ==========
2024-07-13 11:02:10,666055  ========  Epoca  62 ==========
2024-07-13 11:02:16,825331  ========  Epoca  63 ==========
2024-07-13 11:02:22,939685  ========  Epoca  64 ==========
2024-07-13 11:02:29,049836  ========  Epoca  65 ==========
2024-07-13 11:02:35,339208  ========  Epoca  66 ==========
2024-07-13 11:02:41,458497  ========  Epoca  67 ==========
2024-07-13 11:02:47,555298  ========  Epoca  68 ==========
2024-07-13 11:02:53,851788  ========  Epoca  69 ==========
2024-07-13 11:02:59,985341  ========  Epoca  70 ==========
2024-07-13 11:03:06,148337  ========  Epoca  71 ==========
2024-07-13 11:03:12,281545  ========  Epoca  72 ==========
2024-07-13 11:03:14,789215  #####################################  Vehiculo con ID: 21513 Termino
2024-07-13 11:03:18,441343  ========  Epoca  73 ==========
2024-07-13 11:03:24,583920  ========  Epoca  74 ==========
2024-07-13 11:03:30,707152  ========  Epoca  75 ==========
2024-07-13 11:03:36,813792  ========  Epoca  76 ==========
2024-07-13 11:03:43,000341  ========  Epoca  77 ==========
2024-07-13 11:03:49,150824  ========  Epoca  78 ==========
2024-07-13 11:03:55,330441  ========  Epoca  79 ==========
2024-07-13 11:04:01,575789  ========  Epoca  80 ==========
2024-07-13 11:04:07,700234  ========  Epoca  81 ==========
2024-07-13 11:04:13,853330  ========  Epoca  82 ==========
2024-07-13 11:04:20,037453  ========  Epoca  83 ==========
2024-07-13 11:04:26,148912  ========  Epoca  84 ==========
2024-07-13 11:04:32,300511  ========  Epoca  85 ==========
2024-07-13 11:04:38,434816  ========  Epoca  86 ==========
2024-07-13 11:04:44,584032  ========  Epoca  87 ==========
2024-07-13 11:04:50,713090  ========  Epoca  88 ==========
2024-07-13 11:04:56,896106  ========  Epoca  89 ==========
2024-07-13 11:05:03,019567  ========  Epoca  90 ==========
2024-07-13 11:05:09,166417  ========  Epoca  91 ==========
2024-07-13 11:05:15,308363  ========  Epoca  92 ==========
2024-07-13 11:05:21,430568  ========  Epoca  93 ==========
2024-07-13 11:05:27,675833  ========  Epoca  94 ==========
2024-07-13 11:05:33,838966  ========  Epoca  95 ==========
2024-07-13 11:05:39,972100  ========  Epoca  96 ==========
2024-07-13 11:05:46,153311  ========  Epoca  97 ==========
2024-07-13 11:05:52,259379  ========  Epoca  98 ==========
2024-07-13 11:05:58,389346  ========  Epoca  99 ==========
2024-07-13 11:06:04,546187  ========  Epoca  100 ==========
2024-07-13 11:06:10,699786  ========  Epoca  101 ==========
2024-07-13 11:06:16,853796  ========  Epoca  102 ==========
2024-07-13 11:06:22,963208  ========  Epoca  103 ==========
2024-07-13 11:06:29,119617  ========  Epoca  104 ==========
2024-07-13 11:06:35,222578  ========  Epoca  105 ==========
2024-07-13 11:06:41,341750  ========  Epoca  106 ==========
2024-07-13 11:06:47,552144  ========  Epoca  107 ==========
2024-07-13 11:06:53,916120  ========  Epoca  108 ==========
2024-07-13 11:06:56,809181  #####################################  Vehiculo con ID: 554 Termino
2024-07-13 11:07:00,032315  ========  Epoca  109 ==========
2024-07-13 11:07:06,180054  ========  Epoca  110 ==========
2024-07-13 11:07:12,312084  ========  Epoca  111 ==========
2024-07-13 11:07:18,419427  ========  Epoca  112 ==========
2024-07-13 11:07:24,545443  ========  Epoca  113 ==========
2024-07-13 11:07:24,792168  #####################################  Vehiculo con ID: 11330 Termino
2024-07-13 11:07:30,695943  ========  Epoca  114 ==========
2024-07-13 11:07:36,806888  ========  Epoca  115 ==========
2024-07-13 11:07:42,899762  ========  Epoca  116 ==========
2024-07-13 11:07:49,034403  ========  Epoca  117 ==========
2024-07-13 11:07:55,202879  ========  Epoca  118 ==========
2024-07-13 11:08:01,339087  ========  Epoca  119 ==========
2024-07-13 11:08:07,609107  ========  Epoca  120 ==========
2024-07-13 11:08:13,913491  ========  Epoca  121 ==========
2024-07-13 11:08:20,089711  ========  Epoca  122 ==========
2024-07-13 11:08:26,304392  ========  Epoca  123 ==========
2024-07-13 11:08:32,481337  ========  Epoca  124 ==========
2024-07-13 11:08:32,487236  #####################################  Vehiculo con ID: 22895 Termino
2024-07-13 11:08:38,709590  ========  Epoca  125 ==========
2024-07-13 11:08:44,951944  ========  Epoca  126 ==========
2024-07-13 11:08:51,058963  ========  Epoca  127 ==========
2024-07-13 11:08:57,149438  ========  Epoca  128 ==========
2024-07-13 11:08:57,819121  #####################################  Vehiculo con ID: 9217 Termino
2024-07-13 11:09:03,415808  ========  Epoca  129 ==========
2024-07-13 11:09:09,489723  ========  Epoca  130 ==========
2024-07-13 11:09:15,676927  ========  Epoca  131 ==========
2024-07-13 11:09:21,783857  ========  Epoca  132 ==========
2024-07-13 11:09:27,867564  ========  Epoca  133 ==========
2024-07-13 11:09:33,953590  ========  Epoca  134 ==========
2024-07-13 11:09:40,035858  ========  Epoca  135 ==========
2024-07-13 11:09:46,111138  ========  Epoca  136 ==========
2024-07-13 11:09:52,181648  ========  Epoca  137 ==========
2024-07-13 11:09:58,416147  ========  Epoca  138 ==========
2024-07-13 11:10:04,561426  ========  Epoca  139 ==========
2024-07-13 11:10:10,633100  ========  Epoca  140 ==========
2024-07-13 11:10:16,766271  ========  Epoca  141 ==========
2024-07-13 11:10:22,851097  ========  Epoca  142 ==========
2024-07-13 11:10:28,928532  ========  Epoca  143 ==========
2024-07-13 11:10:35,023783  ========  Epoca  144 ==========
2024-07-13 11:10:41,140903  ========  Epoca  145 ==========
2024-07-13 11:10:47,212364  ========  Epoca  146 ==========
2024-07-13 11:10:53,430046  ========  Epoca  147 ==========
2024-07-13 11:10:59,544133  ========  Epoca  148 ==========
2024-07-13 11:11:00,929551  #####################################  Vehiculo con ID: 21180 Termino
2024-07-13 11:11:05,624680  ========  Epoca  149 ==========
2024-07-13 11:11:11,722074  ========  Epoca  150 ==========
2024-07-13 11:11:17,806057  ========  Epoca  151 ==========
2024-07-13 11:11:23,871286  ========  Epoca  152 ==========
2024-07-13 11:11:29,992768  ========  Epoca  153 ==========
2024-07-13 11:11:36,039493  ========  Epoca  154 ==========
2024-07-13 11:11:42,136027  ========  Epoca  155 ==========
2024-07-13 11:11:48,211514  ========  Epoca  156 ==========
2024-07-13 11:11:54,360964  ========  Epoca  157 ==========
2024-07-13 11:12:00,449000  ========  Epoca  158 ==========
2024-07-13 11:12:03,616963  #####################################  Vehiculo con ID: 15581 Termino
2024-07-13 11:12:06,588482  ========  Epoca  159 ==========
2024-07-13 11:12:12,834329  ========  Epoca  160 ==========
2024-07-13 11:12:18,954292  ========  Epoca  161 ==========
2024-07-13 11:12:25,050293  ========  Epoca  162 ==========
2024-07-13 11:12:31,295688  ========  Epoca  163 ==========
2024-07-13 11:12:31,454187  #####################################  Vehiculo con ID: 24511 Termino
2024-07-13 11:12:37,151474  ========  Epoca  164 ==========
2024-07-13 11:12:43,001140  ========  Epoca  165 ==========
2024-07-13 11:12:48,649779  ========  Epoca  166 ==========
2024-07-13 11:12:54,309077  ========  Epoca  167 ==========
2024-07-13 11:12:59,860827  ========  Epoca  168 ==========
2024-07-13 11:13:05,371864  ========  Epoca  169 ==========
2024-07-13 11:13:08,634681  #####################################  Vehiculo con ID: 9721 Termino
2024-07-13 11:13:10,852475  ========  Epoca  170 ==========
2024-07-13 11:13:16,328174  ========  Epoca  171 ==========
2024-07-13 11:13:21,737984  ========  Epoca  172 ==========
2024-07-13 11:13:27,122163  ========  Epoca  173 ==========
2024-07-13 11:13:32,661338  ========  Epoca  174 ==========
2024-07-13 11:13:38,028719  ========  Epoca  175 ==========
2024-07-13 11:13:43,446086  ========  Epoca  176 ==========
2024-07-13 11:13:48,934366  ========  Epoca  177 ==========
2024-07-13 11:13:54,302913  ========  Epoca  178 ==========
2024-07-13 11:13:59,711553  ========  Epoca  179 ==========
2024-07-13 11:14:05,099931  ========  Epoca  180 ==========
2024-07-13 11:14:10,452156  ========  Epoca  181 ==========
2024-07-13 11:14:15,917189  ========  Epoca  182 ==========
2024-07-13 11:14:21,305056  ========  Epoca  183 ==========
2024-07-13 11:14:26,679826  ========  Epoca  184 ==========
2024-07-13 11:14:29,537875  #####################################  Vehiculo con ID: 5288 Termino
2024-07-13 11:14:32,049285  ========  Epoca  185 ==========
2024-07-13 11:14:37,380562  ========  Epoca  186 ==========
2024-07-13 11:14:42,748946  ========  Epoca  187 ==========
2024-07-13 11:14:48,118007  ========  Epoca  188 ==========
2024-07-13 11:14:53,479663  ========  Epoca  189 ==========
2024-07-13 11:14:58,999690  ========  Epoca  190 ==========
2024-07-13 11:15:04,406473  ========  Epoca  191 ==========
2024-07-13 11:15:09,776064  ========  Epoca  192 ==========
2024-07-13 11:15:15,124813  ========  Epoca  193 ==========
2024-07-13 11:15:20,492755  ========  Epoca  194 ==========
2024-07-13 11:15:25,879822  ========  Epoca  195 ==========
2024-07-13 11:15:31,228721  ========  Epoca  196 ==========
2024-07-13 11:15:36,616527  ========  Epoca  197 ==========
2024-07-13 11:15:41,987724  ========  Epoca  198 ==========
2024-07-13 11:15:47,341365  ========  Epoca  199 ==========
2024-07-13 11:15:52,709994  ========  Epoca  200 ==========
2024-07-13 11:15:58,128880  ========  Epoca  201 ==========
2024-07-13 11:16:03,579384  ========  Epoca  202 ==========
2024-07-13 11:16:08,929748  ========  Epoca  203 ==========
2024-07-13 11:16:14,323549  ========  Epoca  204 ==========
2024-07-13 11:16:19,732996  ========  Epoca  205 ==========
2024-07-13 11:16:20,943646  #####################################  Vehiculo con ID: 15776 Termino
2024-07-13 11:16:25,214036  ========  Epoca  206 ==========
2024-07-13 11:16:30,602743  ========  Epoca  207 ==========
2024-07-13 11:16:35,968876  ========  Epoca  208 ==========
2024-07-13 11:16:41,309527  ========  Epoca  209 ==========
2024-07-13 11:16:46,686006  ========  Epoca  210 ==========
2024-07-13 11:16:52,109260  ========  Epoca  211 ==========
2024-07-13 11:16:57,473086  ========  Epoca  212 ==========
2024-07-13 11:17:02,846413  ========  Epoca  213 ==========
2024-07-13 11:17:08,188224  ========  Epoca  214 ==========
2024-07-13 11:17:13,550766  ========  Epoca  215 ==========
2024-07-13 11:17:18,960772  ========  Epoca  216 ==========
2024-07-13 11:17:19,029549  #####################################  Vehiculo con ID: 3685 Termino
2024-07-13 11:17:24,325491  ========  Epoca  217 ==========
2024-07-13 11:17:29,676260  ========  Epoca  218 ==========
2024-07-13 11:17:35,020777  ========  Epoca  219 ==========
2024-07-13 11:17:40,393736  ========  Epoca  220 ==========
2024-07-13 11:17:45,756009  ========  Epoca  221 ==========
2024-07-13 11:17:51,239122  ========  Epoca  222 ==========
2024-07-13 11:17:56,646421  ========  Epoca  223 ==========
2024-07-13 11:18:02,009842  ========  Epoca  224 ==========
2024-07-13 11:18:03,030481  #####################################  Vehiculo con ID: 15952 Termino
2024-07-13 11:18:07,415223  ========  Epoca  225 ==========
2024-07-13 11:18:12,781582  ========  Epoca  226 ==========
2024-07-13 11:18:18,147230  ========  Epoca  227 ==========
2024-07-13 11:18:18,795815  #####################################  Vehiculo con ID: 12214 Termino
2024-07-13 11:18:23,542770  ========  Epoca  228 ==========
2024-07-13 11:18:24,759716  #####################################  Vehiculo con ID: 8708 Termino
2024-07-13 11:18:28,929733  ========  Epoca  229 ==========
2024-07-13 11:18:34,274184  ========  Epoca  230 ==========
2024-07-13 11:18:39,711484  ========  Epoca  231 ==========
2024-07-13 11:18:45,130565  ========  Epoca  232 ==========
2024-07-13 11:18:50,510346  ========  Epoca  233 ==========
2024-07-13 11:18:51,697703  #####################################  Vehiculo con ID: 19127 Termino
2024-07-13 11:18:55,892520  ========  Epoca  234 ==========
2024-07-13 11:19:01,260484  ========  Epoca  235 ==========
2024-07-13 11:19:06,619617  ========  Epoca  236 ==========
2024-07-13 11:19:12,057340  ========  Epoca  237 ==========
2024-07-13 11:19:13,358834  #####################################  Vehiculo con ID: 4791 Termino
2024-07-13 11:19:17,589190  ========  Epoca  238 ==========
2024-07-13 11:19:20,645604  #####################################  Vehiculo con ID: 22586 Termino
2024-07-13 11:19:22,971300  ========  Epoca  239 ==========
2024-07-13 11:19:28,347566  ========  Epoca  240 ==========
2024-07-13 11:19:33,743334  ========  Epoca  241 ==========
2024-07-13 11:19:39,143453  ========  Epoca  242 ==========
2024-07-13 11:19:44,525923  ========  Epoca  243 ==========
2024-07-13 11:19:49,914505  ========  Epoca  244 ==========
2024-07-13 11:19:55,333344  ========  Epoca  245 ==========
2024-07-13 11:20:00,731586  ========  Epoca  246 ==========
2024-07-13 11:20:06,102894  ========  Epoca  247 ==========
2024-07-13 11:20:11,504700  ========  Epoca  248 ==========
2024-07-13 11:20:14,260565  #####################################  Vehiculo con ID: 2697 Termino
2024-07-13 11:20:16,885242  ========  Epoca  249 ==========
2024-07-13 11:20:22,286827  ========  Epoca  250 ==========
2024-07-13 11:20:22,334821  #####################################  Vehiculo con ID: 20706 Termino
2024-07-13 11:20:27,689052  ========  Epoca  251 ==========
2024-07-13 11:20:29,772546  #####################################  Vehiculo con ID: 19326 Termino
2024-07-13 11:20:33,109870  ========  Epoca  252 ==========
2024-07-13 11:20:33,239937  #####################################  Vehiculo con ID: 6844 Termino
2024-07-13 11:20:38,450723  ========  Epoca  253 ==========
2024-07-13 11:20:43,815282  ========  Epoca  254 ==========
2024-07-13 11:20:49,153701  ========  Epoca  255 ==========
2024-07-13 11:20:54,708227  ========  Epoca  256 ==========
2024-07-13 11:21:00,079504  ========  Epoca  257 ==========
2024-07-13 11:21:05,437580  ========  Epoca  258 ==========
2024-07-13 11:21:10,815870  ========  Epoca  259 ==========
2024-07-13 11:21:16,166291  ========  Epoca  260 ==========
2024-07-13 11:21:21,531822  ========  Epoca  261 ==========
2024-07-13 11:21:26,917123  ========  Epoca  262 ==========
2024-07-13 11:21:32,262814  ========  Epoca  263 ==========
2024-07-13 11:21:37,573012  ========  Epoca  264 ==========
2024-07-13 11:21:42,941342  ========  Epoca  265 ==========
2024-07-13 11:21:42,963271  #####################################  Vehiculo con ID: 24453 Termino
2024-07-13 11:21:48,465005  ========  Epoca  266 ==========
2024-07-13 11:21:49,502306  #####################################  Vehiculo con ID: 362 Termino
2024-07-13 11:21:53,916253  ========  Epoca  267 ==========
2024-07-13 11:21:55,269206  #####################################  Vehiculo con ID: 7692 Termino
2024-07-13 11:22:00,655228  ========  Epoca  268 ==========
2024-07-13 11:22:06,318410  ========  Epoca  269 ==========
2024-07-13 11:22:11,782654  ========  Epoca  270 ==========
2024-07-13 11:22:17,341752  ========  Epoca  271 ==========
2024-07-13 11:22:22,717748  ========  Epoca  272 ==========
2024-07-13 11:22:28,059021  ========  Epoca  273 ==========
2024-07-13 11:22:28,842517  #####################################  Vehiculo con ID: 1721 Termino
2024-07-13 11:22:33,384250  ========  Epoca  274 ==========
2024-07-13 11:22:38,740150  ========  Epoca  275 ==========
2024-07-13 11:22:44,122296  ========  Epoca  276 ==========
2024-07-13 11:22:44,811675  #####################################  Vehiculo con ID: 7719 Termino
2024-07-13 11:22:49,465162  ========  Epoca  277 ==========
2024-07-13 11:22:54,839462  ========  Epoca  278 ==========
2024-07-13 11:23:00,283452  ========  Epoca  279 ==========
2024-07-13 11:23:05,697846  ========  Epoca  280 ==========
2024-07-13 11:23:11,056327  ========  Epoca  281 ==========
2024-07-13 11:23:16,508374  ========  Epoca  282 ==========
2024-07-13 11:23:21,886873  ========  Epoca  283 ==========
2024-07-13 11:23:27,235620  ========  Epoca  284 ==========
2024-07-13 11:23:32,623182  ========  Epoca  285 ==========
2024-07-13 11:23:37,989669  ========  Epoca  286 ==========
2024-07-13 11:23:43,514727  ========  Epoca  287 ==========
2024-07-13 11:23:48,977389  ========  Epoca  288 ==========
2024-07-13 11:23:54,961021  ========  Epoca  289 ==========
2024-07-13 11:24:00,368058  ========  Epoca  290 ==========
2024-07-13 11:24:05,729641  ========  Epoca  291 ==========
2024-07-13 11:24:11,078171  ========  Epoca  292 ==========
2024-07-13 11:24:16,521129  ========  Epoca  293 ==========
2024-07-13 11:24:21,891383  ========  Epoca  294 ==========
2024-07-13 11:24:27,342028  ========  Epoca  295 ==========
2024-07-13 11:24:32,866422  ========  Epoca  296 ==========
2024-07-13 11:24:38,219554  ========  Epoca  297 ==========
2024-07-13 11:24:43,586996  ========  Epoca  298 ==========
2024-07-13 11:24:48,936720  ========  Epoca  299 ==========
2024-07-13 11:24:54,360149  ========  Epoca  300 ==========
2024-07-13 11:24:59,719939  ========  Epoca  301 ==========
2024-07-13 11:25:01,374145  #####################################  Vehiculo con ID: 14567 Termino
2024-07-13 11:25:05,121534  ========  Epoca  302 ==========
2024-07-13 11:25:10,617966  ========  Epoca  303 ==========
2024-07-13 11:25:15,976076  ========  Epoca  304 ==========
2024-07-13 11:25:21,366862  ========  Epoca  305 ==========
2024-07-13 11:25:23,050156  #####################################  Vehiculo con ID: 15069 Termino
2024-07-13 11:25:26,720961  ========  Epoca  306 ==========
2024-07-13 11:25:32,067560  ========  Epoca  307 ==========
2024-07-13 11:25:37,430993  ========  Epoca  308 ==========
2024-07-13 11:25:42,795675  ========  Epoca  309 ==========
2024-07-13 11:25:48,167663  ========  Epoca  310 ==========
2024-07-13 11:25:49,344215  #####################################  Vehiculo con ID: 10885 Termino
2024-07-13 11:25:53,505477  ========  Epoca  311 ==========
2024-07-13 11:25:58,893699  ========  Epoca  312 ==========
2024-07-13 11:26:01,932002  #####################################  Vehiculo con ID: 22780 Termino
2024-07-13 11:26:04,251333  ========  Epoca  313 ==========
2024-07-13 11:26:09,630174  ========  Epoca  314 ==========
2024-07-13 11:26:15,003233  ========  Epoca  315 ==========
2024-07-13 11:26:20,383420  ========  Epoca  316 ==========
2024-07-13 11:26:25,718673  ========  Epoca  317 ==========
2024-07-13 11:26:26,198036  #####################################  Vehiculo con ID: 8280 Termino
2024-07-13 11:26:31,084969  ========  Epoca  318 ==========
2024-07-13 11:26:36,551368  ========  Epoca  319 ==========
2024-07-13 11:26:41,903822  ========  Epoca  320 ==========
2024-07-13 11:26:47,251936  ========  Epoca  321 ==========
2024-07-13 11:26:52,642352  ========  Epoca  322 ==========
2024-07-13 11:26:58,011781  ========  Epoca  323 ==========
2024-07-13 11:27:03,368036  ========  Epoca  324 ==========
2024-07-13 11:27:08,808137  ========  Epoca  325 ==========
2024-07-13 11:27:14,155770  ========  Epoca  326 ==========
2024-07-13 11:27:19,684951  ========  Epoca  327 ==========
2024-07-13 11:27:25,039654  ========  Epoca  328 ==========
2024-07-13 11:27:30,408220  ========  Epoca  329 ==========
2024-07-13 11:27:35,796249  ========  Epoca  330 ==========
2024-07-13 11:27:41,150708  ========  Epoca  331 ==========
2024-07-13 11:27:46,594889  ========  Epoca  332 ==========
2024-07-13 11:27:47,021232  #####################################  Vehiculo con ID: 9464 Termino
2024-07-13 11:27:52,114993  ========  Epoca  333 ==========
2024-07-13 11:41:33,819665 ------------COMIENZO--------------
